Connecting to database specified by database.yml
Migrating to Setup (1)
Migrating to IssueMove (2)
Migrating to IssueAddNote (3)
Migrating to ExportPdf (4)
Migrating to IssueStartDate (5)
Migrating to CalendarAndActivity (6)
Migrating to CreateJournals (7)
Migrating to CreateUserPreferences (8)
Migrating to AddHideMailPref (9)
Migrating to CreateComments (10)
Migrating to AddNewsCommentsCount (11)
Migrating to AddCommentsPermissions (12)
Migrating to CreateQueries (13)
Migrating to AddQueriesPermissions (14)
Migrating to CreateRepositories (15)
Migrating to AddRepositoriesPermissions (16)
Migrating to CreateSettings (17)
Migrating to SetDocAndFilesNotifications (18)
Migrating to AddIssueStatusPosition (19)
Migrating to AddRolePosition (20)
Migrating to AddTrackerPosition (21)
Migrating to SerializePossiblesValues (22)
Migrating to AddTrackerIsInRoadmap (23)
Migrating to AddRoadmapPermission (24)
Migrating to AddSearchPermission (25)
Migrating to AddRepositoryLoginAndPassword (26)
Migrating to CreateWikis (27)
Migrating to CreateWikiPages (28)
Migrating to CreateWikiContents (29)
Migrating to AddProjectsFeedsPermissions (30)
Migrating to AddRepositoryRootUrl (31)
Migrating to CreateTimeEntries (32)
Migrating to AddTimelogPermissions (33)
Migrating to CreateChangesets (34)
Migrating to CreateChanges (35)
Migrating to AddChangesetCommitDate (36)
Migrating to AddProjectIdentifier (37)
Migrating to AddCustomFieldIsFilter (38)
Migrating to CreateWatchers (39)
Migrating to CreateChangesetsIssues (40)
Migrating to RenameCommentToComments (41)
Migrating to CreateIssueRelations (42)
Migrating to AddRelationsPermissions (43)
Migrating to SetLanguageLengthToFive (44)
Migrating to CreateBoards (45)
Migrating to CreateMessages (46)
Migrating to AddBoardsPermissions (47)
Migrating to AllowNullVersionEffectiveDate (48)
Migrating to AddWikiDestroyPagePermission (49)
Migrating to AddWikiAttachmentsPermissions (50)
Migrating to AddProjectStatus (51)
Migrating to AddChangesRevision (52)
Migrating to AddChangesBranch (53)
Migrating to AddChangesetsScmid (54)
Migrating to AddRepositoriesType (55)
Migrating to AddRepositoriesChangesPermission (56)
Migrating to AddVersionsWikiPageTitle (57)
Migrating to AddIssueCategoriesAssignedToId (58)
Migrating to AddRolesAssignable (59)
Migrating to ChangeChangesetsCommitterLimit (60)
Migrating to AddRolesBuiltin (61)
Migrating to InsertBuiltinRoles (62)
Migrating to AddRolesPermissions (63)
Migrating to DropPermissions (64)
Migrating to AddSettingsUpdatedOn (65)
Migrating to AddCustomValueCustomizedIndex (66)
Migrating to CreateWikiRedirects (67)
Migrating to CreateEnabledModules (68)
Migrating to AddIssuesEstimatedHours (69)
Migrating to ChangeAttachmentsContentTypeLimit (70)
Migrating to AddQueriesColumnNames (71)
Migrating to AddEnumerationsPosition (72)
Creating scope :system. Overwriting existing method Enumeration.system.
Migrating to AddEnumerationsIsDefault (73)
Migrating to AddAuthSourcesTls (74)
Migrating to AddMembersMailNotification (75)
Migrating to AllowNullPosition (76)
Migrating to RemoveIssueStatusesHtmlColor (77)
Migrating to AddCustomFieldsPosition (78)
Migrating to AddUserPreferencesTimeZone (79)
Migrating to AddUsersType (80)
Creating scope :sorted. Overwriting existing method User.sorted.
Migrating to CreateProjectsTrackers (81)
Migrating to AddMessagesLocked (82)
Migrating to AddMessagesSticky (83)
Migrating to ChangeAuthSourcesAccountLimit (84)
Migrating to AddRoleTrackerOldStatusIndexToWorkflows (85)
Migrating to AddCustomFieldsSearchable (86)
Migrating to ChangeProjectsDescriptionToText (87)
Migrating to AddCustomFieldsDefaultValue (88)
Migrating to AddAttachmentsDescription (89)
Migrating to ChangeVersionsNameLimit (90)
Migrating to ChangeChangesetsRevisionToString (91)
Migrating to ChangeChangesFromRevisionToString (92)
Migrating to AddWikiPagesProtected (93)
Migrating to ChangeProjectsHomepageLimit (94)
Migrating to AddWikiPagesParentId (95)
Migrating to AddCommitAccessPermission (96)
Migrating to AddViewWikiEditsPermission (97)
Migrating to SetTopicAuthorsAsWatchers (98)
Migrating to AddDeleteWikiPagesAttachmentsPermission (99)
Migrating to AddChangesetsUserId (100)
Migrating to PopulateChangesetsUserId (101)
Migrating to AddCustomFieldsEditable (102)
Migrating to SetCustomFieldsEditable (103)
Migrating to AddProjectsLftAndRgt (104)
Migrating to BuildProjectsTree (105)
Migrating to RemoveProjectsProjectsCount (106)
Migrating to AddOpenIdAuthenticationTables (107)
Migrating to AddIdentityUrlToUsers (108)
Migrating to AddWatchersUserIdTypeIndex (20090214190337)
Migrating to AddQueriesSortCriteria (20090312172426)
Migrating to AddProjectsTrackersUniqueIndex (20090312194159)
Migrating to ExtendSettingsName (20090318181151)
Migrating to AddTypeToEnumerations (20090323224724)
Migrating to UpdateEnumerationsToSti (20090401221305)
Migrating to AddActiveFieldToEnumerations (20090401231134)
Migrating to AddProjectToEnumerations (20090403001910)
Migrating to AddParentIdToEnumerations (20090406161854)
Migrating to AddQueriesGroupBy (20090425161243)
Migrating to CreateMemberRoles (20090503121501)
Migrating to PopulateMemberRoles (20090503121505)
Migrating to DropMembersRoleId (20090503121510)
Migrating to FixMessagesStickyNull (20090614091200)
Migrating to PopulateUsersType (20090704172350)
Migrating to CreateGroupsUsers (20090704172355)
Migrating to AddMemberRolesInheritedFrom (20090704172358)
Migrating to FixUsersCustomValues (20091010093521)
Migrating to AddMissingIndexesToWorkflows (20091017212227)
Migrating to AddMissingIndexesToCustomFieldsProjects (20091017212457)
Migrating to AddMissingIndexesToMessages (20091017212644)
Migrating to AddMissingIndexesToRepositories (20091017212938)
Migrating to AddMissingIndexesToComments (20091017213027)
Migrating to AddMissingIndexesToEnumerations (20091017213113)
Migrating to AddMissingIndexesToWikiPages (20091017213151)
Migrating to AddMissingIndexesToWatchers (20091017213228)
Migrating to AddMissingIndexesToAuthSources (20091017213257)
Migrating to AddMissingIndexesToDocuments (20091017213332)
Migrating to AddMissingIndexesToTokens (20091017213444)
Migrating to AddMissingIndexesToChangesets (20091017213536)
Migrating to AddMissingIndexesToIssueCategories (20091017213642)
Migrating to AddMissingIndexesToMemberRoles (20091017213716)
Migrating to AddMissingIndexesToBoards (20091017213757)
Migrating to AddMissingIndexesToUserPreferences (20091017213835)
Migrating to AddMissingIndexesToIssues (20091017213910)
Migrating to AddMissingIndexesToMembers (20091017214015)
Migrating to AddMissingIndexesToCustomFields (20091017214107)
Migrating to AddMissingIndexesToQueries (20091017214136)
Migrating to AddMissingIndexesToTimeEntries (20091017214236)
Migrating to AddMissingIndexesToNews (20091017214308)
Migrating to AddMissingIndexesToUsers (20091017214336)
Migrating to AddMissingIndexesToAttachments (20091017214406)
Migrating to AddMissingIndexesToWikiContents (20091017214440)
Migrating to AddMissingIndexesToCustomValues (20091017214519)
Migrating to AddMissingIndexesToJournals (20091017214611)
Migrating to AddMissingIndexesToIssueRelations (20091017214644)
Migrating to AddMissingIndexesToWikiRedirects (20091017214720)
Migrating to AddMissingIndexesToCustomFieldsTrackers (20091017214750)
Migrating to AddActivityIndexes (20091025163651)
Migrating to AddVersionsStatus (20091108092559)
Migrating to AddViewIssuesPermission (20091114105931)
Migrating to AddDefaultDoneRatioToIssueStatus (20091123212029)
Migrating to AddVersionsSharing (20091205124427)
Migrating to AddLftAndRgtIndexesToProjects (20091220183509)
Migrating to AddIndexToSettingsName (20091220183727)
Migrating to AddIndexesToIssueStatus (20091220184736)
Migrating to RemoveEnumerationsOpt (20091225164732)
Migrating to ChangeWikiContentsTextLimit (20091227112908)
Migrating to ChangeUsersMailNotificationToString (20100129193402)
Migrating to UpdateMailNotificationValues (20100129193813)
Migrating to AddIndexOnChangesetsScmid (20100221100219)
Migrating to AddIssuesNestedSetsColumns (20100313132032)
Migrating to AddIndexOnIssuesNestedSet (20100313171051)
Migrating to ChangeChangesPathLengthLimit (20100705164950)
Migrating to EnableCalendarAndGanttModulesWhereAppropriate (20100819172912)
Migrating to AddUniqueIndexOnMembers (20101104182107)
Migrating to AddCustomFieldsVisible (20101107130441)
Migrating to ChangeProjectsNameLimit (20101114115114)
Migrating to ChangeProjectsIdentifierLimit (20101114115359)
Migrating to AddWorkflowsAssigneeAndAuthor (20110220160626)
Migrating to AddUsersSalt (20110223180944)
Migrating to SaltUserPasswords (20110223180953)
Migrating to AddRepositoriesPathEncoding (20110224000000)
Migrating to ChangeRepositoriesPasswordLimit (20110226120112)
Migrating to ChangeAuthSourcesAccountPasswordLimit (20110226120132)
Migrating to ChangeJournalDetailsValuesToText (20110227125750)
Migrating to AddRepositoriesLogEncoding (20110228000000)
Migrating to CopyRepositoriesLogEncoding (20110228000100)
Migrating to AddIndexToUsersType (20110401192910)
Migrating to AddRolesIssuesVisibility (20110408103312)
Migrating to AddIssuesIsPrivate (20110412065600)
Migrating to AddRepositoriesExtraInfo (20110511000000)
Migrating to CreateChangesetParents (20110902000000)
Migrating to AddUniqueIndexToIssueRelations (20111201201315)
Migrating to AddRepositoriesIdentifier (20120115143024)
Migrating to AddRepositoriesIsDefault (20120115143100)
Migrating to SetDefaultRepositories (20120115143126)
Migrating to AddCustomFieldsMultiple (20120127174243)
Migrating to ChangeUsersLoginLimit (20120205111326)
Migrating to ChangeAttachmentsContainerDefaults (20120223110929)
Migrating to AddAuthSourcesFilter (20120301153455)
Migrating to ChangeRepositoriesToFullSti (20120422150750)
Migrating to AddTrackersFieldsBits (20120705074331)
Migrating to AddAuthSourcesTimeout (20120707064544)
Migrating to AddWorkflowsType (20120714122000)
Migrating to UpdateWorkflowsToSti (20120714122100)
Migrating to AddWorkflowsRuleFields (20120714122200)
Migrating to AddBoardsParentId (20120731164049)
Migrating to AddJournalsPrivateNotes (20120930112914)
Migrating to AddEnumerationsPositionName (20121026002032)
Migrating to PopulateEnumerationsPositionName (20121026003537)
Migrating to AddQueriesType (20121209123234)
Migrating to UpdateQueriesToSti (20121209123358)
Migrating to AddAttachmentsDiskDirectory (20121213084931)
Migrating to SplitDocumentsPermissions (20130110122628)
Migrating to AddUniqueIndexOnTokensValue (20130201184705)
Migrating to AddProjectsInheritMembers (20130202090625)
Migrating to AddUniqueIndexOnCustomFieldsTrackers (20130207175206)
Migrating to AddUniqueIndexOnCustomFieldsProjects (20130207181455)
Migrating to ChangeUsersLastnameLengthTo255 (20130215073721)
Migrating to AddIssuesClosedOn (20130215111127)
Migrating to PopulateIssuesClosedOn (20130215111141)
Migrating to RemoveIssuesDefaultFkValues (20130217094251)
Migrating to CreateQueriesRoles (20130602092539)
Migrating to AddQueriesVisibility (20130710182539)
Migrating to CreateCustomFieldsRoles (20130713104233)
Migrating to AddQueriesOptions (20130713111657)
Migrating to AddUsersMustChangePasswd (20130729070143)
Migrating to RemoveEolsFromAttachmentsFilename (20130911193200)
Migrating to SupportForMultipleCommitKeywords (20131004113137)
Migrating to AddRepositoriesCreatedOn (20131005100610)
Connecting to database specified by database.yml
Creating scope :system. Overwriting existing method Enumeration.system.
Connecting to database specified by database.yml
Creating scope :system. Overwriting existing method Enumeration.system.
Creating scope :sorted. Overwriting existing method Group.sorted.
Creating scope :sorted. Overwriting existing method User.sorted.
Started GET "/" for 127.0.0.1 at 2013-12-30 16:33:37 +0600
Processing by WelcomeController#index as HTML
  Current user: anonymous
  Rendered welcome/index.html.erb within layouts/base (59.0ms)
Completed 200 OK in 563.9ms (Views: 98.7ms | ActiveRecord: 175.5ms)
Started GET "/login" for 127.0.0.1 at 2013-12-30 16:33:43 +0600
Processing by AccountController#login as HTML
  Current user: anonymous
  Rendered account/login.html.erb within layouts/base (7.3ms)
Completed 200 OK in 28.5ms (Views: 15.9ms | ActiveRecord: 8.8ms)
Started POST "/login" for 127.0.0.1 at 2013-12-30 16:33:45 +0600
Processing by AccountController#login as HTML
  Parameters: {"utf8"=>"✓", "authenticity_token"=>"mx36ZApN5+2vm93zFI55cpolFx1OjVH31hBNC7NAHeE=", "back_url"=>"http://localhost:9000/", "username"=>"admin", "password"=>"[FILTERED]", "login"=>"Login »"}
  Current user: anonymous
Successful authentication for 'admin' from 127.0.0.1 at 2013-12-30 10:33:45 UTC
Redirected to http://localhost:9000/
Completed 302 Found in 16.7ms (ActiveRecord: 8.1ms)
Started GET "/" for 127.0.0.1 at 2013-12-30 16:33:45 +0600
Processing by WelcomeController#index as HTML
  Current user: admin (id=1)
  Rendered welcome/index.html.erb within layouts/base (122.4ms)
Completed 200 OK in 227.7ms (Views: 128.6ms | ActiveRecord: 89.7ms)
Started POST "/logout" for 127.0.0.1 at 2013-12-30 16:33:49 +0600
Processing by AccountController#logout as HTML
  Parameters: {"authenticity_token"=>"cIf8KFDpUCZ/FLEzTNRpF2bwrHJMowkJF/5SByR6DL0="}
  Current user: admin (id=1)
Redirected to http://localhost:9000/
Completed 302 Found in 8.0ms (ActiveRecord: 1.7ms)
Started GET "/" for 127.0.0.1 at 2013-12-30 16:33:49 +0600
Processing by WelcomeController#index as HTML
  Current user: anonymous
  Rendered welcome/index.html.erb within layouts/base (1.6ms)
Completed 200 OK in 18.3ms (Views: 8.5ms | ActiveRecord: 2.9ms)
Connecting to database specified by database.yml
Creating scope :system. Overwriting existing method Enumeration.system.
Creating scope :sorted. Overwriting existing method Group.sorted.
Creating scope :sorted. Overwriting existing method User.sorted.
Started GET "/" for 127.0.0.1 at 2013-12-30 16:40:16 +0600
Processing by WelcomeController#index as HTML
  Current user: anonymous
  Rendered plugins/redmine_bootstrap/app/views/welcome/index.html.erb within layouts/base (61.7ms)
  Rendered plugins/redmine_bootstrap/app/views/hooks/redmine_bootstrap/_css.html.erb (1.6ms)
Completed 200 OK in 467.2ms (Views: 173.3ms | ActiveRecord: 98.4ms)
Started GET "/" for 127.0.0.1 at 2013-12-30 16:40:17 +0600
Processing by WelcomeController#index as HTML
  Current user: anonymous
  Rendered plugins/redmine_bootstrap/app/views/welcome/index.html.erb within layouts/base (1.5ms)
  Rendered plugins/redmine_bootstrap/app/views/hooks/redmine_bootstrap/_css.html.erb (0.9ms)
Completed 200 OK in 19.6ms (Views: 9.6ms | ActiveRecord: 2.8ms)
Started GET "/projects" for 127.0.0.1 at 2013-12-30 16:40:22 +0600
Processing by ProjectsController#index as HTML
  Current user: anonymous
  Rendered plugins/redmine_bootstrap/app/views/projects/index.html.erb within layouts/base (50.0ms)
  Rendered plugins/redmine_bootstrap/app/views/hooks/redmine_bootstrap/_css.html.erb (1.0ms)
Completed 200 OK in 71.9ms (Views: 44.8ms | ActiveRecord: 21.4ms)
Started GET "/" for 127.0.0.1 at 2013-12-30 16:40:23 +0600
Processing by WelcomeController#index as HTML
  Current user: anonymous
  Rendered plugins/redmine_bootstrap/app/views/welcome/index.html.erb within layouts/base (1.5ms)
  Rendered plugins/redmine_bootstrap/app/views/hooks/redmine_bootstrap/_css.html.erb (0.9ms)
Completed 200 OK in 21.4ms (Views: 10.0ms | ActiveRecord: 2.9ms)
Started GET "/login" for 127.0.0.1 at 2013-12-30 16:40:25 +0600
Processing by AccountController#login as HTML
  Current user: anonymous
  Rendered plugins/redmine_bootstrap/app/views/account/login.html.erb within layouts/base (8.4ms)
  Rendered plugins/redmine_bootstrap/app/views/hooks/redmine_bootstrap/_css.html.erb (0.9ms)
Completed 200 OK in 23.0ms (Views: 17.9ms | ActiveRecord: 2.1ms)
Started POST "/login" for 127.0.0.1 at 2013-12-30 16:40:32 +0600
Processing by AccountController#login as HTML
  Parameters: {"utf8"=>"✓", "authenticity_token"=>"Wqmikhato5mkPAbyJ3MGXx3OQ6YFn6M5cM0PUKfmCjo=", "back_url"=>"http://localhost:9000/", "username"=>"admin", "password"=>"[FILTERED]", "login"=>"Login »"}
  Current user: anonymous
Successful authentication for 'admin' from 127.0.0.1 at 2013-12-30 10:40:32 UTC
Redirected to http://localhost:9000/
Completed 302 Found in 26.2ms (ActiveRecord: 8.3ms)
Started GET "/" for 127.0.0.1 at 2013-12-30 16:40:32 +0600
Processing by WelcomeController#index as HTML
  Current user: admin (id=1)
  Rendered plugins/redmine_bootstrap/app/views/welcome/index.html.erb within layouts/base (39.4ms)
  Rendered plugins/redmine_bootstrap/app/views/hooks/redmine_bootstrap/_css.html.erb (1.4ms)
Completed 200 OK in 88.8ms (Views: 48.9ms | ActiveRecord: 28.1ms)
Connecting to database specified by database.yml
Creating scope :system. Overwriting existing method Enumeration.system.
Creating scope :sorted. Overwriting existing method Group.sorted.
Creating scope :sorted. Overwriting existing method User.sorted.
Started GET "/" for 127.0.0.1 at 2013-12-30 16:43:17 +0600
Processing by WelcomeController#index as HTML
  Current user: anonymous
  Rendered plugins/redmine_bootstrap/app/views/welcome/index.html.erb within layouts/base (121.2ms)
  Rendered plugins/redmine_bootstrap/app/views/hooks/redmine_bootstrap/_css.html.erb (1.7ms)
Completed 200 OK in 455.4ms (Views: 171.7ms | ActiveRecord: 92.8ms)
Started GET "/login" for 127.0.0.1 at 2013-12-30 16:43:20 +0600
Processing by AccountController#login as HTML
  Current user: anonymous
  Rendered plugins/redmine_bootstrap/app/views/account/login.html.erb within layouts/base (7.0ms)
  Rendered plugins/redmine_bootstrap/app/views/hooks/redmine_bootstrap/_css.html.erb (1.0ms)
Completed 200 OK in 25.1ms (Views: 19.9ms | ActiveRecord: 2.1ms)
Started POST "/login" for 127.0.0.1 at 2013-12-30 16:43:21 +0600
Processing by AccountController#login as HTML
  Parameters: {"utf8"=>"✓", "authenticity_token"=>"XnNE/+0ehf0g0WOuHqi1nqjtfhJDtpQQ/IMS2WyBl34=", "back_url"=>"http://localhost:9000/", "username"=>"admin", "password"=>"[FILTERED]", "login"=>"Login »"}
  Current user: anonymous
Successful authentication for 'admin' from 127.0.0.1 at 2013-12-30 10:43:21 UTC
Redirected to http://localhost:9000/
Completed 302 Found in 21.2ms (ActiveRecord: 8.0ms)
Started GET "/" for 127.0.0.1 at 2013-12-30 16:43:21 +0600
Processing by WelcomeController#index as HTML
  Current user: admin (id=1)
  Rendered plugins/redmine_bootstrap/app/views/welcome/index.html.erb within layouts/base (40.2ms)
  Rendered plugins/redmine_bootstrap/app/views/hooks/redmine_bootstrap/_css.html.erb (1.0ms)
Completed 200 OK in 105.9ms (Views: 52.9ms | ActiveRecord: 44.8ms)
Started GET "/admin" for 127.0.0.1 at 2013-12-30 16:43:24 +0600
Processing by AdminController#index as HTML
  Current user: admin (id=1)
  Rendered admin/_menu.html.erb (8.8ms)
  Rendered admin/index.html.erb within layouts/admin (11.4ms)
  Rendered plugins/redmine_bootstrap/app/views/hooks/redmine_bootstrap/_css.html.erb (0.9ms)
  Rendered layouts/base.html.erb (17.7ms)
Completed 200 OK in 43.6ms (Views: 36.0ms | ActiveRecord: 2.7ms)
Started GET "/admin/plugins" for 127.0.0.1 at 2013-12-30 16:43:30 +0600
Processing by AdminController#plugins as HTML
  Current user: admin (id=1)
  Rendered admin/plugins.html.erb within layouts/admin (1.8ms)
  Rendered admin/_menu.html.erb (5.1ms)
  Rendered plugins/redmine_bootstrap/app/views/hooks/redmine_bootstrap/_css.html.erb (0.9ms)
  Rendered layouts/base.html.erb (17.9ms)
Completed 200 OK in 35.4ms (Views: 27.4ms | ActiveRecord: 2.4ms)
Started GET "/admin" for 127.0.0.1 at 2013-12-30 16:43:33 +0600
Processing by AdminController#index as HTML
  Current user: admin (id=1)
  Rendered admin/_menu.html.erb (5.0ms)
  Rendered admin/index.html.erb within layouts/admin (5.5ms)
  Rendered plugins/redmine_bootstrap/app/views/hooks/redmine_bootstrap/_css.html.erb (1.0ms)
  Rendered layouts/base.html.erb (18.4ms)
Completed 200 OK in 31.5ms (Views: 23.7ms | ActiveRecord: 2.8ms)
Started GET "/settings" for 127.0.0.1 at 2013-12-30 16:43:35 +0600
Processing by SettingsController#index as HTML
  Current user: admin (id=1)
  Rendered settings/_general.html.erb (23.8ms)
  Rendered settings/_display.html.erb (11243.4ms)
  Rendered settings/_authentication.html.erb (12.6ms)
  Rendered settings/_projects.html.erb (47.5ms)
  Rendered common/_tabs.html.erb (11340.9ms)
  Rendered settings/edit.html.erb within layouts/admin (11343.4ms)
Completed 500 Internal Server Error in 11360.8ms

ActionView::Template::Error (undefined method `include?' for false:FalseClass):
    6: <p><%= setting_multiselect(:default_projects_modules,
    7:         Redmine::AccessControl.available_project_modules.collect {|m| [l_or_humanize(m, :prefix => "project_module_"), m.to_s]}) %></p>
    8: 
    9: <p><%= setting_multiselect(:default_projects_tracker_ids,
    10:         Tracker.sorted.all.collect {|t| [t.name, t.id.to_s]}) %></p>
    11: 
    12: <p><%= setting_check_box :sequential_project_identifiers %></p>
  app/views/settings/_projects.html.erb:9:in `block in _app_views_settings__projects_html_erb___476965827104800478_70231630507140'
  app/views/settings/_projects.html.erb:1:in `_app_views_settings__projects_html_erb___476965827104800478_70231630507140'
  app/views/common/_tabs.html.erb:24:in `block in _app_views_common__tabs_html_erb__462605599771975726_70231632323220'
  app/views/common/_tabs.html.erb:23:in `each'
  app/views/common/_tabs.html.erb:23:in `_app_views_common__tabs_html_erb__462605599771975726_70231632323220'
  app/helpers/application_helper.rb:272:in `render_tabs'
  app/views/settings/edit.html.erb:3:in `_app_views_settings_edit_html_erb___845031518183187771_70231631982780'
  app/controllers/settings_controller.rb:28:in `index'


Started GET "/settings" for 127.0.0.1 at 2013-12-30 16:43:47 +0600
Processing by SettingsController#index as HTML
  Current user: admin (id=1)
  Rendered settings/_general.html.erb (6.2ms)
  Rendered settings/_display.html.erb (7.2ms)
  Rendered settings/_authentication.html.erb (6.0ms)
  Rendered settings/_projects.html.erb (17.8ms)
  Rendered common/_tabs.html.erb (42.5ms)
  Rendered settings/edit.html.erb within layouts/admin (43.1ms)
Completed 500 Internal Server Error in 48.8ms

ActionView::Template::Error (undefined method `include?' for false:FalseClass):
    6: <p><%= setting_multiselect(:default_projects_modules,
    7:         Redmine::AccessControl.available_project_modules.collect {|m| [l_or_humanize(m, :prefix => "project_module_"), m.to_s]}) %></p>
    8: 
    9: <p><%= setting_multiselect(:default_projects_tracker_ids,
    10:         Tracker.sorted.all.collect {|t| [t.name, t.id.to_s]}) %></p>
    11: 
    12: <p><%= setting_check_box :sequential_project_identifiers %></p>
  app/views/settings/_projects.html.erb:9:in `block in _app_views_settings__projects_html_erb___476965827104800478_70231630507140'
  app/views/settings/_projects.html.erb:1:in `_app_views_settings__projects_html_erb___476965827104800478_70231630507140'
  app/views/common/_tabs.html.erb:24:in `block in _app_views_common__tabs_html_erb__462605599771975726_70231632323220'
  app/views/common/_tabs.html.erb:23:in `each'
  app/views/common/_tabs.html.erb:23:in `_app_views_common__tabs_html_erb__462605599771975726_70231632323220'
  app/helpers/application_helper.rb:272:in `render_tabs'
  app/views/settings/edit.html.erb:3:in `_app_views_settings_edit_html_erb___845031518183187771_70231631982780'
  app/controllers/settings_controller.rb:28:in `index'


Started GET "/settings" for 127.0.0.1 at 2013-12-30 16:43:47 +0600
Processing by SettingsController#index as HTML
  Current user: admin (id=1)
  Rendered settings/_general.html.erb (7.0ms)
  Rendered settings/_display.html.erb (6.7ms)
  Rendered settings/_authentication.html.erb (5.9ms)
  Rendered settings/_projects.html.erb (15.2ms)
  Rendered common/_tabs.html.erb (39.5ms)
  Rendered settings/edit.html.erb within layouts/admin (39.9ms)
Completed 500 Internal Server Error in 47.8ms

ActionView::Template::Error (undefined method `include?' for false:FalseClass):
    6: <p><%= setting_multiselect(:default_projects_modules,
    7:         Redmine::AccessControl.available_project_modules.collect {|m| [l_or_humanize(m, :prefix => "project_module_"), m.to_s]}) %></p>
    8: 
    9: <p><%= setting_multiselect(:default_projects_tracker_ids,
    10:         Tracker.sorted.all.collect {|t| [t.name, t.id.to_s]}) %></p>
    11: 
    12: <p><%= setting_check_box :sequential_project_identifiers %></p>
  app/views/settings/_projects.html.erb:9:in `block in _app_views_settings__projects_html_erb___476965827104800478_70231630507140'
  app/views/settings/_projects.html.erb:1:in `_app_views_settings__projects_html_erb___476965827104800478_70231630507140'
  app/views/common/_tabs.html.erb:24:in `block in _app_views_common__tabs_html_erb__462605599771975726_70231632323220'
  app/views/common/_tabs.html.erb:23:in `each'
  app/views/common/_tabs.html.erb:23:in `_app_views_common__tabs_html_erb__462605599771975726_70231632323220'
  app/helpers/application_helper.rb:272:in `render_tabs'
  app/views/settings/edit.html.erb:3:in `_app_views_settings_edit_html_erb___845031518183187771_70231631982780'
  app/controllers/settings_controller.rb:28:in `index'


Started GET "/settings" for 127.0.0.1 at 2013-12-30 16:43:47 +0600
Processing by SettingsController#index as HTML
  Current user: admin (id=1)
  Rendered settings/_general.html.erb (6.5ms)
  Rendered settings/_display.html.erb (79.9ms)
  Rendered settings/_authentication.html.erb (8.6ms)
  Rendered settings/_projects.html.erb (15.1ms)
  Rendered common/_tabs.html.erb (115.8ms)
  Rendered settings/edit.html.erb within layouts/admin (116.3ms)
Completed 500 Internal Server Error in 121.7ms

ActionView::Template::Error (undefined method `include?' for false:FalseClass):
    6: <p><%= setting_multiselect(:default_projects_modules,
    7:         Redmine::AccessControl.available_project_modules.collect {|m| [l_or_humanize(m, :prefix => "project_module_"), m.to_s]}) %></p>
    8: 
    9: <p><%= setting_multiselect(:default_projects_tracker_ids,
    10:         Tracker.sorted.all.collect {|t| [t.name, t.id.to_s]}) %></p>
    11: 
    12: <p><%= setting_check_box :sequential_project_identifiers %></p>
  app/views/settings/_projects.html.erb:9:in `block in _app_views_settings__projects_html_erb___476965827104800478_70231630507140'
  app/views/settings/_projects.html.erb:1:in `_app_views_settings__projects_html_erb___476965827104800478_70231630507140'
  app/views/common/_tabs.html.erb:24:in `block in _app_views_common__tabs_html_erb__462605599771975726_70231632323220'
  app/views/common/_tabs.html.erb:23:in `each'
  app/views/common/_tabs.html.erb:23:in `_app_views_common__tabs_html_erb__462605599771975726_70231632323220'
  app/helpers/application_helper.rb:272:in `render_tabs'
  app/views/settings/edit.html.erb:3:in `_app_views_settings_edit_html_erb___845031518183187771_70231631982780'
  app/controllers/settings_controller.rb:28:in `index'


Started GET "/admin/projects" for 127.0.0.1 at 2013-12-30 16:43:47 +0600
Processing by AdminController#projects as HTML
  Current user: admin (id=1)
  Rendered admin/projects.html.erb within layouts/admin (4.8ms)
  Rendered admin/_menu.html.erb (5.6ms)
  Rendered plugins/redmine_bootstrap/app/views/hooks/redmine_bootstrap/_css.html.erb (0.9ms)
  Rendered layouts/base.html.erb (23.1ms)
Completed 200 OK in 44.3ms (Views: 36.4ms | ActiveRecord: 3.1ms)
Started GET "/users" for 127.0.0.1 at 2013-12-30 16:43:47 +0600
Processing by UsersController#index as HTML
  Current user: admin (id=1)
DEPRECATION WARNING: Paginator#current will be removed. Use .offset instead of .current.offset. (called from current at /Users/mrezaurrahman/apps/redmine/lib/redmine/pagination.rb:99)
  Rendered users/index.html.erb within layouts/admin (19.4ms)
Completed 500 Internal Server Error in 35.3ms

ActionView::Template::Error (undefined method `previous' for #<Redmine::Pagination::Paginator:0x007fc026a8ab40>):
    53:   </tbody>
    54: </table>
    55: </div>
    56: <p class="pagination"><%= pagination_links_full @user_pages, @user_count %></p>
    57: 
    58: <% html_title(l(:label_user_plural)) -%>
  app/views/users/index.html.erb:56:in `_app_views_users_index_html_erb___2382955962579301981_70231629551580'
  app/controllers/users_controller.rb:55:in `block (2 levels) in index'
  app/controllers/users_controller.rb:52:in `index'


Started GET "/settings" for 127.0.0.1 at 2013-12-30 16:43:47 +0600
Processing by SettingsController#index as HTML
  Current user: admin (id=1)
  Rendered settings/_general.html.erb (6.6ms)
  Rendered settings/_display.html.erb (6.9ms)
  Rendered settings/_authentication.html.erb (5.6ms)
  Rendered settings/_projects.html.erb (16.8ms)
  Rendered common/_tabs.html.erb (40.9ms)
  Rendered settings/edit.html.erb within layouts/admin (41.3ms)
Completed 500 Internal Server Error in 46.5ms

ActionView::Template::Error (undefined method `include?' for false:FalseClass):
    6: <p><%= setting_multiselect(:default_projects_modules,
    7:         Redmine::AccessControl.available_project_modules.collect {|m| [l_or_humanize(m, :prefix => "project_module_"), m.to_s]}) %></p>
    8: 
    9: <p><%= setting_multiselect(:default_projects_tracker_ids,
    10:         Tracker.sorted.all.collect {|t| [t.name, t.id.to_s]}) %></p>
    11: 
    12: <p><%= setting_check_box :sequential_project_identifiers %></p>
  app/views/settings/_projects.html.erb:9:in `block in _app_views_settings__projects_html_erb___476965827104800478_70231630507140'
  app/views/settings/_projects.html.erb:1:in `_app_views_settings__projects_html_erb___476965827104800478_70231630507140'
  app/views/common/_tabs.html.erb:24:in `block in _app_views_common__tabs_html_erb__462605599771975726_70231632323220'
  app/views/common/_tabs.html.erb:23:in `each'
  app/views/common/_tabs.html.erb:23:in `_app_views_common__tabs_html_erb__462605599771975726_70231632323220'
  app/helpers/application_helper.rb:272:in `render_tabs'
  app/views/settings/edit.html.erb:3:in `_app_views_settings_edit_html_erb___845031518183187771_70231631982780'
  app/controllers/settings_controller.rb:28:in `index'


Started GET "/settings" for 127.0.0.1 at 2013-12-30 16:43:47 +0600
Processing by SettingsController#index as HTML
  Current user: admin (id=1)
  Rendered settings/_general.html.erb (6.4ms)
  Rendered settings/_display.html.erb (6.8ms)
  Rendered settings/_authentication.html.erb (6.0ms)
  Rendered settings/_projects.html.erb (16.4ms)
  Rendered common/_tabs.html.erb (40.5ms)
  Rendered settings/edit.html.erb within layouts/admin (41.0ms)
Completed 500 Internal Server Error in 46.1ms

ActionView::Template::Error (undefined method `include?' for false:FalseClass):
    6: <p><%= setting_multiselect(:default_projects_modules,
    7:         Redmine::AccessControl.available_project_modules.collect {|m| [l_or_humanize(m, :prefix => "project_module_"), m.to_s]}) %></p>
    8: 
    9: <p><%= setting_multiselect(:default_projects_tracker_ids,
    10:         Tracker.sorted.all.collect {|t| [t.name, t.id.to_s]}) %></p>
    11: 
    12: <p><%= setting_check_box :sequential_project_identifiers %></p>
  app/views/settings/_projects.html.erb:9:in `block in _app_views_settings__projects_html_erb___476965827104800478_70231630507140'
  app/views/settings/_projects.html.erb:1:in `_app_views_settings__projects_html_erb___476965827104800478_70231630507140'
  app/views/common/_tabs.html.erb:24:in `block in _app_views_common__tabs_html_erb__462605599771975726_70231632323220'
  app/views/common/_tabs.html.erb:23:in `each'
  app/views/common/_tabs.html.erb:23:in `_app_views_common__tabs_html_erb__462605599771975726_70231632323220'
  app/helpers/application_helper.rb:272:in `render_tabs'
  app/views/settings/edit.html.erb:3:in `_app_views_settings_edit_html_erb___845031518183187771_70231631982780'
  app/controllers/settings_controller.rb:28:in `index'


Started GET "/settings" for 127.0.0.1 at 2013-12-30 16:43:49 +0600
Processing by SettingsController#index as HTML
  Current user: admin (id=1)
  Rendered settings/_general.html.erb (6.6ms)
  Rendered settings/_display.html.erb (7.8ms)
  Rendered settings/_authentication.html.erb (6.1ms)
  Rendered settings/_projects.html.erb (14.8ms)
  Rendered common/_tabs.html.erb (113.2ms)
  Rendered settings/edit.html.erb within layouts/admin (113.6ms)
Completed 500 Internal Server Error in 119.2ms

ActionView::Template::Error (undefined method `include?' for false:FalseClass):
    6: <p><%= setting_multiselect(:default_projects_modules,
    7:         Redmine::AccessControl.available_project_modules.collect {|m| [l_or_humanize(m, :prefix => "project_module_"), m.to_s]}) %></p>
    8: 
    9: <p><%= setting_multiselect(:default_projects_tracker_ids,
    10:         Tracker.sorted.all.collect {|t| [t.name, t.id.to_s]}) %></p>
    11: 
    12: <p><%= setting_check_box :sequential_project_identifiers %></p>
  app/views/settings/_projects.html.erb:9:in `block in _app_views_settings__projects_html_erb___476965827104800478_70231630507140'
  app/views/settings/_projects.html.erb:1:in `_app_views_settings__projects_html_erb___476965827104800478_70231630507140'
  app/views/common/_tabs.html.erb:24:in `block in _app_views_common__tabs_html_erb__462605599771975726_70231632323220'
  app/views/common/_tabs.html.erb:23:in `each'
  app/views/common/_tabs.html.erb:23:in `_app_views_common__tabs_html_erb__462605599771975726_70231632323220'
  app/helpers/application_helper.rb:272:in `render_tabs'
  app/views/settings/edit.html.erb:3:in `_app_views_settings_edit_html_erb___845031518183187771_70231631982780'
  app/controllers/settings_controller.rb:28:in `index'


Started GET "/settings" for 127.0.0.1 at 2013-12-30 16:43:58 +0600
Processing by SettingsController#index as HTML
  Current user: admin (id=1)
  Rendered settings/_general.html.erb (8.4ms)
  Rendered settings/_display.html.erb (10.9ms)
  Rendered settings/_authentication.html.erb (7.3ms)
  Rendered settings/_projects.html.erb (16.7ms)
  Rendered common/_tabs.html.erb (50.2ms)
  Rendered settings/edit.html.erb within layouts/admin (50.7ms)
Completed 500 Internal Server Error in 56.9ms

ActionView::Template::Error (undefined method `include?' for false:FalseClass):
    6: <p><%= setting_multiselect(:default_projects_modules,
    7:         Redmine::AccessControl.available_project_modules.collect {|m| [l_or_humanize(m, :prefix => "project_module_"), m.to_s]}) %></p>
    8: 
    9: <p><%= setting_multiselect(:default_projects_tracker_ids,
    10:         Tracker.sorted.all.collect {|t| [t.name, t.id.to_s]}) %></p>
    11: 
    12: <p><%= setting_check_box :sequential_project_identifiers %></p>
  app/views/settings/_projects.html.erb:9:in `block in _app_views_settings__projects_html_erb___476965827104800478_70231630507140'
  app/views/settings/_projects.html.erb:1:in `_app_views_settings__projects_html_erb___476965827104800478_70231630507140'
  app/views/common/_tabs.html.erb:24:in `block in _app_views_common__tabs_html_erb__462605599771975726_70231632323220'
  app/views/common/_tabs.html.erb:23:in `each'
  app/views/common/_tabs.html.erb:23:in `_app_views_common__tabs_html_erb__462605599771975726_70231632323220'
  app/helpers/application_helper.rb:272:in `render_tabs'
  app/views/settings/edit.html.erb:3:in `_app_views_settings_edit_html_erb___845031518183187771_70231631982780'
  app/controllers/settings_controller.rb:28:in `index'


Connecting to database specified by database.yml
Creating scope :system. Overwriting existing method Enumeration.system.
Creating scope :sorted. Overwriting existing method Group.sorted.
Creating scope :sorted. Overwriting existing method User.sorted.
Started GET "/" for 127.0.0.1 at 2013-12-30 16:44:26 +0600
Processing by WelcomeController#index as HTML
  Current user: admin (id=1)
  Rendered welcome/index.html.erb within layouts/base (152.1ms)
Completed 200 OK in 505.9ms (Views: 217.5ms | ActiveRecord: 125.0ms)
Started GET "/admin" for 127.0.0.1 at 2013-12-30 16:44:31 +0600
Processing by AdminController#index as HTML
  Current user: admin (id=1)
  Rendered admin/_menu.html.erb (7.2ms)
  Rendered admin/index.html.erb within layouts/admin (14.1ms)
  Rendered layouts/base.html.erb (17.0ms)
Completed 200 OK in 43.8ms (Views: 34.2ms | ActiveRecord: 4.3ms)
Started GET "/settings" for 127.0.0.1 at 2013-12-30 16:44:34 +0600
Processing by SettingsController#index as HTML
  Current user: admin (id=1)
  Rendered settings/_general.html.erb (23.1ms)
  Rendered settings/_display.html.erb (84.9ms)
  Rendered settings/_authentication.html.erb (19.9ms)
  Rendered settings/_projects.html.erb (48.3ms)
  Rendered queries/_columns.html.erb (31.7ms)
  Rendered settings/_issues.html.erb (94.4ms)
  Rendered settings/_notifications.html.erb (12.5ms)
  Rendered settings/_mail_handler.html.erb (9.1ms)
  Rendered settings/_repositories.html.erb (1028.7ms)
  Rendered common/_tabs.html.erb (1340.1ms)
  Rendered settings/edit.html.erb within layouts/admin (1342.6ms)
  Rendered admin/_menu.html.erb (6.2ms)
  Rendered layouts/base.html.erb (19.2ms)
Completed 200 OK in 1389.3ms (Views: 1314.0ms | ActiveRecord: 59.4ms)
Started GET "/admin" for 127.0.0.1 at 2013-12-30 16:44:41 +0600
Processing by AdminController#index as HTML
  Current user: admin (id=1)
  Rendered admin/_menu.html.erb (5.6ms)
  Rendered admin/index.html.erb within layouts/admin (6.2ms)
  Rendered layouts/base.html.erb (17.0ms)
Completed 200 OK in 31.5ms (Views: 23.8ms | ActiveRecord: 2.8ms)
Started GET "/admin/plugins" for 127.0.0.1 at 2013-12-30 16:44:51 +0600
Processing by AdminController#plugins as HTML
  Current user: admin (id=1)
  Rendered admin/plugins.html.erb within layouts/admin (1.5ms)
  Rendered admin/_menu.html.erb (5.7ms)
  Rendered layouts/base.html.erb (18.5ms)
Completed 200 OK in 34.4ms (Views: 27.7ms | ActiveRecord: 2.2ms)
Started GET "/admin/info" for 127.0.0.1 at 2013-12-30 16:44:55 +0600
Processing by AdminController#info as HTML
  Current user: admin (id=1)
  Rendered admin/info.html.erb within layouts/admin (3.8ms)
  Rendered admin/_menu.html.erb (6.3ms)
  Rendered layouts/base.html.erb (20.4ms)
Completed 200 OK in 58.8ms (Views: 32.5ms | ActiveRecord: 3.1ms)
Started GET "/my/account" for 127.0.0.1 at 2013-12-30 16:45:03 +0600
Processing by MyController#account as HTML
  Current user: admin (id=1)
  Rendered users/_mail_notifications.html.erb (24.3ms)
  Rendered users/_preferences.html.erb (641.0ms)
  Rendered my/_sidebar.html.erb (21.0ms)
  Rendered my/account.html.erb within layouts/base (709.6ms)
Completed 200 OK in 729.0ms (Views: 700.3ms | ActiveRecord: 23.2ms)
Started GET "/admin" for 127.0.0.1 at 2013-12-30 16:45:05 +0600
Processing by AdminController#index as HTML
  Current user: admin (id=1)
  Rendered admin/_menu.html.erb (6.4ms)
  Rendered admin/index.html.erb within layouts/admin (7.0ms)
  Rendered layouts/base.html.erb (16.6ms)
Completed 200 OK in 29.5ms (Views: 23.4ms | ActiveRecord: 2.4ms)
Started GET "/projects" for 127.0.0.1 at 2013-12-30 16:45:06 +0600
Processing by ProjectsController#index as HTML
  Current user: admin (id=1)
  Rendered projects/index.html.erb within layouts/base (10.7ms)
Completed 200 OK in 43.4ms (Views: 32.2ms | ActiveRecord: 3.7ms)
Started GET "/my/page" for 127.0.0.1 at 2013-12-30 16:45:06 +0600
Processing by MyController#page as HTML
  Current user: admin (id=1)
  Rendered issues/_list_simple.html.erb (1.5ms)
  Rendered my/blocks/_issuesassignedtome.html.erb (124.0ms)
  Rendered issues/_list_simple.html.erb (0.2ms)
  Rendered my/blocks/_issuesreportedbyme.html.erb (21.5ms)
  Rendered my/page.html.erb within layouts/base (153.3ms)
Completed 200 OK in 178.5ms (Views: 124.1ms | ActiveRecord: 45.6ms)
Started GET "/" for 127.0.0.1 at 2013-12-30 16:45:07 +0600
Processing by WelcomeController#index as HTML
  Current user: admin (id=1)
  Rendered welcome/index.html.erb within layouts/base (3.9ms)
Completed 200 OK in 30.3ms (Views: 19.1ms | ActiveRecord: 4.2ms)
Started GET "/my/account" for 127.0.0.1 at 2013-12-30 16:45:14 +0600
Processing by MyController#account as HTML
  Current user: admin (id=1)
  Rendered users/_mail_notifications.html.erb (12.9ms)
  Rendered users/_preferences.html.erb (6.4ms)
  Rendered my/_sidebar.html.erb (5.5ms)
  Rendered my/account.html.erb within layouts/base (33.4ms)
Completed 200 OK in 46.6ms (Views: 38.0ms | ActiveRecord: 4.2ms)
Started GET "/admin" for 127.0.0.1 at 2013-12-30 16:45:20 +0600
Processing by AdminController#index as HTML
  Current user: admin (id=1)
  Rendered admin/_menu.html.erb (5.3ms)
  Rendered admin/index.html.erb within layouts/admin (5.8ms)
  Rendered layouts/base.html.erb (17.2ms)
Completed 200 OK in 28.5ms (Views: 22.5ms | ActiveRecord: 2.7ms)
Started GET "/projects" for 127.0.0.1 at 2013-12-30 16:45:21 +0600
Processing by ProjectsController#index as HTML
  Current user: admin (id=1)
  Rendered projects/index.html.erb within layouts/base (6.5ms)
Completed 200 OK in 33.4ms (Views: 24.9ms | ActiveRecord: 3.1ms)
Started GET "/" for 127.0.0.1 at 2013-12-30 16:45:31 +0600
Processing by WelcomeController#index as HTML
  Current user: admin (id=1)
  Rendered welcome/index.html.erb within layouts/base (3.4ms)
Completed 200 OK in 29.5ms (Views: 18.7ms | ActiveRecord: 4.2ms)
Started GET "/my/page" for 127.0.0.1 at 2013-12-30 16:45:32 +0600
Processing by MyController#page as HTML
  Current user: admin (id=1)
  Rendered issues/_list_simple.html.erb (0.2ms)
  Rendered my/blocks/_issuesassignedtome.html.erb (19.4ms)
  Rendered issues/_list_simple.html.erb (0.1ms)
  Rendered my/blocks/_issuesreportedbyme.html.erb (9.1ms)
  Rendered my/page.html.erb within layouts/base (31.2ms)
Completed 200 OK in 51.7ms (Views: 36.1ms | ActiveRecord: 8.9ms)
Started GET "/admin" for 127.0.0.1 at 2013-12-30 16:45:33 +0600
Processing by AdminController#index as HTML
  Current user: admin (id=1)
  Rendered admin/_menu.html.erb (5.7ms)
  Rendered admin/index.html.erb within layouts/admin (6.3ms)
  Rendered layouts/base.html.erb (87.5ms)
Completed 200 OK in 100.4ms (Views: 93.7ms | ActiveRecord: 2.6ms)
Started GET "/settings" for 127.0.0.1 at 2013-12-30 16:45:39 +0600
Processing by SettingsController#index as HTML
  Current user: admin (id=1)
  Rendered settings/_general.html.erb (7.3ms)
  Rendered settings/_display.html.erb (9.0ms)
  Rendered settings/_authentication.html.erb (6.2ms)
  Rendered settings/_projects.html.erb (15.4ms)
  Rendered queries/_columns.html.erb (5.3ms)
  Rendered settings/_issues.html.erb (11.9ms)
  Rendered settings/_notifications.html.erb (0.2ms)
  Rendered settings/_mail_handler.html.erb (2.4ms)
  Rendered settings/_repositories.html.erb (13.6ms)
  Rendered common/_tabs.html.erb (73.0ms)
  Rendered settings/edit.html.erb within layouts/admin (73.6ms)
  Rendered admin/_menu.html.erb (5.1ms)
  Rendered layouts/base.html.erb (16.5ms)
Completed 200 OK in 101.5ms (Views: 92.0ms | ActiveRecord: 5.5ms)
Started POST "/settings/edit?tab=display" for 127.0.0.1 at 2013-12-30 16:45:49 +0600
Processing by SettingsController#edit as HTML
  Parameters: {"utf8"=>"✓", "authenticity_token"=>"Bv9EfxZQ6V9u99EZ9ReO+PrV+9Zq1QYS6MSggsIksjk=", "settings"=>{"ui_theme"=>"classic", "default_language"=>"en", "start_of_week"=>"", "date_format"=>"", "time_format"=>"", "user_format"=>"firstname_lastname", "gravatar_enabled"=>"0", "gravatar_default"=>"", "thumbnails_enabled"=>"0", "thumbnails_size"=>"100"}, "commit"=>"Save", "tab"=>"display"}
  Current user: admin (id=1)
Redirected to http://localhost:9000/settings?tab=display
Completed 302 Found in 78.6ms (ActiveRecord: 36.3ms)
Started GET "/settings?tab=display" for 127.0.0.1 at 2013-12-30 16:45:49 +0600
Processing by SettingsController#index as HTML
  Parameters: {"tab"=>"display"}
Settings cache cleared.
  Current user: admin (id=1)
  Rendered settings/_general.html.erb (28.3ms)
  Rendered settings/_display.html.erb (16.9ms)
  Rendered settings/_authentication.html.erb (87.0ms)
  Rendered settings/_projects.html.erb (24.1ms)
  Rendered queries/_columns.html.erb (5.4ms)
  Rendered settings/_issues.html.erb (30.8ms)
  Rendered settings/_notifications.html.erb (0.2ms)
  Rendered settings/_mail_handler.html.erb (6.9ms)
  Rendered settings/_repositories.html.erb (28.3ms)
  Rendered common/_tabs.html.erb (229.3ms)
  Rendered settings/edit.html.erb within layouts/admin (229.9ms)
  Rendered admin/_menu.html.erb (5.2ms)
  Rendered layouts/base.html.erb (18.0ms)
Completed 200 OK in 266.2ms (Views: 228.2ms | ActiveRecord: 28.4ms)
Started GET "/" for 127.0.0.1 at 2013-12-30 16:45:53 +0600
Processing by WelcomeController#index as HTML
  Current user: admin (id=1)
  Rendered welcome/index.html.erb within layouts/base (3.9ms)
Completed 200 OK in 35.6ms (Views: 20.6ms | ActiveRecord: 4.9ms)
Connecting to database specified by database.yml
Creating scope :system. Overwriting existing method Enumeration.system.
Creating scope :sorted. Overwriting existing method Group.sorted.
Creating scope :sorted. Overwriting existing method User.sorted.
Started GET "/" for 127.0.0.1 at 2013-12-30 16:46:07 +0600
Processing by WelcomeController#index as HTML
  Current user: admin (id=1)
  Rendered welcome/index.html.erb within layouts/base (166.0ms)
Completed 200 OK in 521.4ms (Views: 204.5ms | ActiveRecord: 151.7ms)
Started GET "/my/account" for 127.0.0.1 at 2013-12-30 16:46:18 +0600
Processing by MyController#account as HTML
  Current user: admin (id=1)
  Rendered users/_mail_notifications.html.erb (21.3ms)
  Rendered users/_preferences.html.erb (596.4ms)
  Rendered my/_sidebar.html.erb (13.7ms)
  Rendered my/account.html.erb within layouts/base (739.0ms)
Completed 200 OK in 760.4ms (Views: 727.8ms | ActiveRecord: 26.0ms)
Started GET "/admin" for 127.0.0.1 at 2013-12-30 16:46:20 +0600
Processing by AdminController#index as HTML
  Current user: admin (id=1)
  Rendered admin/_menu.html.erb (7.0ms)
  Rendered admin/index.html.erb within layouts/admin (9.3ms)
  Rendered layouts/base.html.erb (18.1ms)
Completed 200 OK in 43.0ms (Views: 32.2ms | ActiveRecord: 4.9ms)
Started GET "/settings" for 127.0.0.1 at 2013-12-30 16:46:24 +0600
Processing by SettingsController#index as HTML
  Current user: admin (id=1)
  Rendered settings/_general.html.erb (23.4ms)
  Rendered settings/_display.html.erb (17.1ms)
  Rendered settings/_authentication.html.erb (16.4ms)
  Rendered settings/_projects.html.erb (47.6ms)
  Rendered queries/_columns.html.erb (7.7ms)
  Rendered settings/_issues.html.erb (133.4ms)
  Rendered settings/_notifications.html.erb (11.2ms)
  Rendered settings/_mail_handler.html.erb (9.7ms)
  Rendered settings/_repositories.html.erb (156.3ms)
  Rendered common/_tabs.html.erb (432.3ms)
  Rendered settings/edit.html.erb within layouts/admin (434.5ms)
  Rendered admin/_menu.html.erb (7.1ms)
  Rendered layouts/base.html.erb (20.0ms)
Completed 200 OK in 480.3ms (Views: 427.7ms | ActiveRecord: 40.4ms)
Connecting to database specified by database.yml
Creating scope :system. Overwriting existing method Enumeration.system.
Creating scope :sorted. Overwriting existing method Group.sorted.
Creating scope :sorted. Overwriting existing method User.sorted.
Started GET "/settings?tab=display" for 127.0.0.1 at 2013-12-30 16:46:55 +0600
Processing by SettingsController#index as HTML
  Parameters: {"tab"=>"display"}
  Current user: admin (id=1)
  Rendered settings/_general.html.erb (30.7ms)
  Rendered settings/_display.html.erb (19.6ms)
  Rendered settings/_authentication.html.erb (19.2ms)
  Rendered settings/_projects.html.erb (49.5ms)
  Rendered queries/_columns.html.erb (34.2ms)
  Rendered settings/_issues.html.erb (169.0ms)
  Rendered settings/_notifications.html.erb (9.1ms)
  Rendered settings/_mail_handler.html.erb (8.5ms)
  Rendered settings/_repositories.html.erb (121.8ms)
  Rendered common/_tabs.html.erb (447.9ms)
  Rendered settings/edit.html.erb within layouts/admin (505.8ms)
  Rendered admin/_menu.html.erb (6.9ms)
  Rendered layouts/base.html.erb (169.7ms)
Completed 200 OK in 910.1ms (Views: 658.7ms | ActiveRecord: 169.1ms)
Started POST "/settings/edit?tab=display" for 127.0.0.1 at 2013-12-30 16:47:04 +0600
Processing by SettingsController#edit as HTML
  Parameters: {"utf8"=>"✓", "authenticity_token"=>"Bv9EfxZQ6V9u99EZ9ReO+PrV+9Zq1QYS6MSggsIksjk=", "settings"=>{"ui_theme"=>"alternate", "default_language"=>"en", "start_of_week"=>"", "date_format"=>"", "time_format"=>"", "user_format"=>"firstname_lastname", "gravatar_enabled"=>"0", "gravatar_default"=>"", "thumbnails_enabled"=>"0", "thumbnails_size"=>"100"}, "commit"=>"Save", "tab"=>"display"}
  Current user: admin (id=1)
Redirected to http://localhost:9000/settings?tab=display
Completed 302 Found in 133.9ms (ActiveRecord: 18.2ms)
Started GET "/settings?tab=display" for 127.0.0.1 at 2013-12-30 16:47:04 +0600
Processing by SettingsController#index as HTML
  Parameters: {"tab"=>"display"}
Settings cache cleared.
  Current user: admin (id=1)
  Rendered settings/_general.html.erb (27.6ms)
  Rendered settings/_display.html.erb (17.1ms)
  Rendered settings/_authentication.html.erb (18.8ms)
  Rendered settings/_projects.html.erb (23.2ms)
  Rendered queries/_columns.html.erb (5.6ms)
  Rendered settings/_issues.html.erb (33.2ms)
  Rendered settings/_notifications.html.erb (0.2ms)
  Rendered settings/_mail_handler.html.erb (6.8ms)
  Rendered settings/_repositories.html.erb (28.8ms)
  Rendered common/_tabs.html.erb (162.6ms)
  Rendered settings/edit.html.erb within layouts/admin (163.3ms)
  Rendered admin/_menu.html.erb (5.2ms)
  Rendered layouts/base.html.erb (16.7ms)
Completed 200 OK in 196.7ms (Views: 159.6ms | ActiveRecord: 28.5ms)
Started POST "/settings/edit?tab=repositories" for 127.0.0.1 at 2013-12-30 16:47:37 +0600
Processing by SettingsController#edit as HTML
  Parameters: {"utf8"=>"✓", "authenticity_token"=>"Bv9EfxZQ6V9u99EZ9ReO+PrV+9Zq1QYS6MSggsIksjk=", "settings"=>{"enabled_scm"=>["", "Git"], "autofetch_changesets"=>"1", "sys_api_enabled"=>"0", "repository_log_display_limit"=>"100", "commit_ref_keywords"=>"refs,references,IssueID", "commit_cross_project_ref"=>"0", "commit_logtime_enabled"=>"0", "commit_update_keywords"=>{"if_tracker_id"=>[""], "keywords"=>[""], "status_id"=>["0"], "done_ratio"=>[""]}}, "commit"=>"Save", "tab"=>"repositories"}
  Current user: admin (id=1)
Redirected to http://localhost:9000/settings?tab=repositories
Completed 302 Found in 62.3ms (ActiveRecord: 21.5ms)
Started GET "/settings?tab=repositories" for 127.0.0.1 at 2013-12-30 16:47:37 +0600
Processing by SettingsController#index as HTML
  Parameters: {"tab"=>"repositories"}
Settings cache cleared.
  Current user: admin (id=1)
  Rendered settings/_general.html.erb (25.9ms)
  Rendered settings/_display.html.erb (20.7ms)
  Rendered settings/_authentication.html.erb (19.7ms)
  Rendered settings/_projects.html.erb (23.4ms)
  Rendered queries/_columns.html.erb (6.0ms)
  Rendered settings/_issues.html.erb (31.1ms)
  Rendered settings/_notifications.html.erb (0.2ms)
  Rendered settings/_mail_handler.html.erb (7.3ms)
  Rendered settings/_repositories.html.erb (24.8ms)
  Rendered common/_tabs.html.erb (159.4ms)
  Rendered settings/edit.html.erb within layouts/admin (160.0ms)
  Rendered admin/_menu.html.erb (4.9ms)
  Rendered layouts/base.html.erb (17.7ms)
Completed 200 OK in 267.0ms (Views: 156.1ms | ActiveRecord: 29.7ms)
Started POST "/settings/edit?tab=display" for 127.0.0.1 at 2013-12-30 16:47:44 +0600
Processing by SettingsController#edit as HTML
  Parameters: {"utf8"=>"✓", "authenticity_token"=>"Bv9EfxZQ6V9u99EZ9ReO+PrV+9Zq1QYS6MSggsIksjk=", "settings"=>{"ui_theme"=>"alternate", "default_language"=>"en", "start_of_week"=>"", "date_format"=>"", "time_format"=>"", "user_format"=>"firstname_lastname", "gravatar_enabled"=>"0", "gravatar_default"=>"", "thumbnails_enabled"=>"0", "thumbnails_size"=>"100"}, "commit"=>"Save", "tab"=>"display"}
  Current user: admin (id=1)
Redirected to http://localhost:9000/settings?tab=display
Completed 302 Found in 39.0ms (ActiveRecord: 11.0ms)
Started GET "/settings?tab=display" for 127.0.0.1 at 2013-12-30 16:47:44 +0600
Processing by SettingsController#index as HTML
  Parameters: {"tab"=>"display"}
  Current user: admin (id=1)
  Rendered settings/_general.html.erb (8.3ms)
  Rendered settings/_display.html.erb (18.1ms)
  Rendered settings/_authentication.html.erb (6.6ms)
  Rendered settings/_projects.html.erb (14.4ms)
  Rendered queries/_columns.html.erb (7.3ms)
  Rendered settings/_issues.html.erb (14.0ms)
  Rendered settings/_notifications.html.erb (0.3ms)
  Rendered settings/_mail_handler.html.erb (2.3ms)
  Rendered settings/_repositories.html.erb (86.3ms)
  Rendered common/_tabs.html.erb (156.5ms)
  Rendered settings/edit.html.erb within layouts/admin (157.1ms)
  Rendered admin/_menu.html.erb (5.1ms)
  Rendered layouts/base.html.erb (18.4ms)
Completed 200 OK in 186.0ms (Views: 173.1ms | ActiveRecord: 9.7ms)
Connecting to database specified by database.yml
Creating scope :system. Overwriting existing method Enumeration.system.
Creating scope :sorted. Overwriting existing method Group.sorted.
Creating scope :sorted. Overwriting existing method User.sorted.
Started GET "/settings?tab=display" for 127.0.0.1 at 2013-12-30 16:50:08 +0600
Processing by SettingsController#index as HTML
  Parameters: {"tab"=>"display"}
  Current user: admin (id=1)
  Rendered settings/_general.html.erb (26.3ms)
  Rendered settings/_display.html.erb (20.6ms)
  Rendered settings/_authentication.html.erb (18.7ms)
  Rendered settings/_projects.html.erb (72.2ms)
  Rendered queries/_columns.html.erb (36.6ms)
  Rendered settings/_issues.html.erb (169.4ms)
  Rendered settings/_notifications.html.erb (10.4ms)
  Rendered settings/_mail_handler.html.erb (10.2ms)
  Rendered settings/_repositories.html.erb (136.6ms)
  Rendered common/_tabs.html.erb (488.4ms)
  Rendered settings/edit.html.erb within layouts/admin (602.3ms)
  Rendered admin/_menu.html.erb (7.6ms)
  Rendered layouts/base.html.erb (185.1ms)
Completed 200 OK in 973.0ms (Views: 686.0ms | ActiveRecord: 198.2ms)
Started POST "/logout" for 127.0.0.1 at 2013-12-30 16:50:22 +0600
Processing by AccountController#logout as HTML
  Parameters: {"authenticity_token"=>"Bv9EfxZQ6V9u99EZ9ReO+PrV+9Zq1QYS6MSggsIksjk="}
  Current user: admin (id=1)
Redirected to http://localhost:9000/
Completed 302 Found in 41.3ms (ActiveRecord: 8.5ms)
Started GET "/" for 127.0.0.1 at 2013-12-30 16:50:22 +0600
Processing by WelcomeController#index as HTML
  Current user: anonymous
  Rendered welcome/index.html.erb within layouts/base (4.0ms)
Completed 200 OK in 35.6ms (Views: 15.2ms | ActiveRecord: 6.2ms)
Started GET "/login" for 127.0.0.1 at 2013-12-30 16:50:24 +0600
Processing by AccountController#login as HTML
  Current user: anonymous
  Rendered account/login.html.erb within layouts/base (65.7ms)
Completed 200 OK in 81.8ms (Views: 77.7ms | ActiveRecord: 0.9ms)
Started POST "/login" for 127.0.0.1 at 2013-12-30 16:50:27 +0600
Processing by AccountController#login as HTML
  Parameters: {"utf8"=>"✓", "authenticity_token"=>"GdH/3VaiJAp6ve47hTrAV5JYnVO33BbZEZq1TlBAFwE=", "back_url"=>"http://localhost:9000/", "username"=>"admin", "password"=>"[FILTERED]", "login"=>"Login »"}
  Current user: anonymous
Successful authentication for 'admin' from 127.0.0.1 at 2013-12-30 10:50:27 UTC
Redirected to http://localhost:9000/
Completed 302 Found in 13.9ms (ActiveRecord: 7.7ms)
Started GET "/" for 127.0.0.1 at 2013-12-30 16:50:27 +0600
Processing by WelcomeController#index as HTML
  Current user: admin (id=1)
  Rendered welcome/index.html.erb within layouts/base (15.2ms)
Completed 200 OK in 42.4ms (Views: 29.9ms | ActiveRecord: 6.0ms)
Started GET "/admin" for 127.0.0.1 at 2013-12-30 16:50:28 +0600
Processing by AdminController#index as HTML
  Current user: admin (id=1)
  Rendered admin/_menu.html.erb (6.5ms)
  Rendered admin/index.html.erb within layouts/admin (8.5ms)
  Rendered layouts/base.html.erb (17.6ms)
Completed 200 OK in 40.4ms (Views: 29.6ms | ActiveRecord: 3.5ms)
Started GET "/settings" for 127.0.0.1 at 2013-12-30 16:50:31 +0600
Processing by SettingsController#index as HTML
  Current user: admin (id=1)
  Rendered settings/_general.html.erb (8.3ms)
  Rendered settings/_display.html.erb (7.6ms)
  Rendered settings/_authentication.html.erb (5.8ms)
  Rendered settings/_projects.html.erb (14.5ms)
  Rendered queries/_columns.html.erb (5.3ms)
  Rendered settings/_issues.html.erb (11.7ms)
  Rendered settings/_notifications.html.erb (0.2ms)
  Rendered settings/_mail_handler.html.erb (2.8ms)
  Rendered settings/_repositories.html.erb (13.1ms)
  Rendered common/_tabs.html.erb (70.8ms)
  Rendered settings/edit.html.erb within layouts/admin (71.3ms)
  Rendered admin/_menu.html.erb (5.3ms)
  Rendered layouts/base.html.erb (17.4ms)
Completed 200 OK in 100.9ms (Views: 91.3ms | ActiveRecord: 5.4ms)
Started POST "/settings/edit?tab=display" for 127.0.0.1 at 2013-12-30 16:50:50 +0600
Processing by SettingsController#edit as HTML
  Parameters: {"utf8"=>"✓", "authenticity_token"=>"LsNwlw9HK2aWVA/xxt3Cwxe40dfoVVS6537za+qfFao=", "settings"=>{"ui_theme"=>"alternate", "default_language"=>"en", "start_of_week"=>"", "date_format"=>"", "time_format"=>"", "user_format"=>"firstname", "gravatar_enabled"=>"0", "gravatar_default"=>"", "thumbnails_enabled"=>"0", "thumbnails_size"=>"100"}, "commit"=>"Save", "tab"=>"display"}
  Current user: admin (id=1)
Redirected to http://localhost:9000/settings?tab=display
Completed 302 Found in 142.0ms (ActiveRecord: 25.6ms)
Started GET "/settings?tab=display" for 127.0.0.1 at 2013-12-30 16:50:50 +0600
Processing by SettingsController#index as HTML
  Parameters: {"tab"=>"display"}
Settings cache cleared.
  Current user: admin (id=1)
  Rendered settings/_general.html.erb (27.0ms)
  Rendered settings/_display.html.erb (16.9ms)
  Rendered settings/_authentication.html.erb (18.5ms)
  Rendered settings/_projects.html.erb (20.9ms)
  Rendered queries/_columns.html.erb (5.1ms)
  Rendered settings/_issues.html.erb (29.6ms)
  Rendered settings/_notifications.html.erb (0.2ms)
  Rendered settings/_mail_handler.html.erb (8.1ms)
  Rendered settings/_repositories.html.erb (26.1ms)
  Rendered common/_tabs.html.erb (153.6ms)
  Rendered settings/edit.html.erb within layouts/admin (154.2ms)
  Rendered admin/_menu.html.erb (5.7ms)
  Rendered layouts/base.html.erb (16.8ms)
Completed 200 OK in 188.2ms (Views: 150.9ms | ActiveRecord: 28.8ms)
Started GET "/settings?tab=display" for 127.0.0.1 at 2013-12-30 16:51:23 +0600
Processing by SettingsController#index as HTML
  Parameters: {"tab"=>"display"}
  Current user: admin (id=1)
  Rendered settings/_general.html.erb (6.9ms)
  Rendered settings/_display.html.erb (8.1ms)
  Rendered settings/_authentication.html.erb (5.9ms)
  Rendered settings/_projects.html.erb (84.7ms)
  Rendered queries/_columns.html.erb (5.3ms)
  Rendered settings/_issues.html.erb (12.3ms)
  Rendered settings/_notifications.html.erb (0.2ms)
  Rendered settings/_mail_handler.html.erb (2.1ms)
  Rendered settings/_repositories.html.erb (12.5ms)
  Rendered common/_tabs.html.erb (138.9ms)
  Rendered settings/edit.html.erb within layouts/admin (139.4ms)
  Rendered admin/_menu.html.erb (5.0ms)
  Rendered layouts/base.html.erb (18.9ms)
Completed 200 OK in 170.4ms (Views: 160.6ms | ActiveRecord: 5.1ms)
Started POST "/settings/edit?tab=display" for 127.0.0.1 at 2013-12-30 16:51:26 +0600
Processing by SettingsController#edit as HTML
  Parameters: {"utf8"=>"✓", "authenticity_token"=>"LsNwlw9HK2aWVA/xxt3Cwxe40dfoVVS6537za+qfFao=", "settings"=>{"ui_theme"=>"coffee", "default_language"=>"en", "start_of_week"=>"", "date_format"=>"", "time_format"=>"", "user_format"=>"firstname", "gravatar_enabled"=>"0", "gravatar_default"=>"", "thumbnails_enabled"=>"0", "thumbnails_size"=>"100"}, "commit"=>"Save", "tab"=>"display"}
  Current user: admin (id=1)
Redirected to http://localhost:9000/settings?tab=display
Completed 302 Found in 44.3ms (ActiveRecord: 17.1ms)
Started GET "/settings?tab=display" for 127.0.0.1 at 2013-12-30 16:51:26 +0600
Processing by SettingsController#index as HTML
  Parameters: {"tab"=>"display"}
Settings cache cleared.
  Current user: admin (id=1)
  Rendered settings/_general.html.erb (24.9ms)
  Rendered settings/_display.html.erb (15.7ms)
  Rendered settings/_authentication.html.erb (18.7ms)
  Rendered settings/_projects.html.erb (21.9ms)
  Rendered queries/_columns.html.erb (5.6ms)
  Rendered settings/_issues.html.erb (33.4ms)
  Rendered settings/_notifications.html.erb (0.2ms)
  Rendered settings/_mail_handler.html.erb (9.1ms)
  Rendered settings/_repositories.html.erb (103.1ms)
  Rendered common/_tabs.html.erb (233.9ms)
  Rendered settings/edit.html.erb within layouts/admin (234.5ms)
  Rendered admin/_menu.html.erb (5.2ms)
  Rendered layouts/base.html.erb (18.1ms)
Completed 200 OK in 268.1ms (Views: 231.0ms | ActiveRecord: 29.5ms)
Started POST "/settings/edit?tab=display" for 127.0.0.1 at 2013-12-30 16:51:32 +0600
Processing by SettingsController#edit as HTML
  Parameters: {"utf8"=>"✓", "authenticity_token"=>"LsNwlw9HK2aWVA/xxt3Cwxe40dfoVVS6537za+qfFao=", "settings"=>{"ui_theme"=>"redmine_theme_sparse", "default_language"=>"en", "start_of_week"=>"", "date_format"=>"", "time_format"=>"", "user_format"=>"firstname", "gravatar_enabled"=>"0", "gravatar_default"=>"", "thumbnails_enabled"=>"0", "thumbnails_size"=>"100"}, "commit"=>"Save", "tab"=>"display"}
  Current user: admin (id=1)
Redirected to http://localhost:9000/settings?tab=display
Completed 302 Found in 47.0ms (ActiveRecord: 17.3ms)
Started GET "/settings?tab=display" for 127.0.0.1 at 2013-12-30 16:51:32 +0600
Processing by SettingsController#index as HTML
  Parameters: {"tab"=>"display"}
Settings cache cleared.
  Current user: admin (id=1)
  Rendered settings/_general.html.erb (25.6ms)
  Rendered settings/_display.html.erb (16.3ms)
  Rendered settings/_authentication.html.erb (18.7ms)
  Rendered settings/_projects.html.erb (22.2ms)
  Rendered queries/_columns.html.erb (5.0ms)
  Rendered settings/_issues.html.erb (34.2ms)
  Rendered settings/_notifications.html.erb (0.2ms)
  Rendered settings/_mail_handler.html.erb (9.2ms)
  Rendered settings/_repositories.html.erb (25.7ms)
  Rendered common/_tabs.html.erb (158.3ms)
  Rendered settings/edit.html.erb within layouts/admin (158.8ms)
  Rendered admin/_menu.html.erb (5.0ms)
  Rendered layouts/base.html.erb (80.4ms)
Completed 200 OK in 254.7ms (Views: 217.5ms | ActiveRecord: 29.6ms)
Started POST "/settings/edit?tab=display" for 127.0.0.1 at 2013-12-30 16:51:36 +0600
Processing by SettingsController#edit as HTML
  Parameters: {"utf8"=>"✓", "authenticity_token"=>"LsNwlw9HK2aWVA/xxt3Cwxe40dfoVVS6537za+qfFao=", "settings"=>{"ui_theme"=>"redmine_theme_sparse", "default_language"=>"en", "start_of_week"=>"", "date_format"=>"", "time_format"=>"", "user_format"=>"firstname", "gravatar_enabled"=>"0", "gravatar_default"=>"", "thumbnails_enabled"=>"0", "thumbnails_size"=>"100"}, "commit"=>"Save", "tab"=>"display"}
  Current user: admin (id=1)
Redirected to http://localhost:9000/settings?tab=display
Completed 302 Found in 40.9ms (ActiveRecord: 11.2ms)
Started GET "/settings?tab=display" for 127.0.0.1 at 2013-12-30 16:51:36 +0600
Processing by SettingsController#index as HTML
  Parameters: {"tab"=>"display"}
  Current user: admin (id=1)
  Rendered settings/_general.html.erb (8.9ms)
  Rendered settings/_display.html.erb (16.4ms)
  Rendered settings/_authentication.html.erb (6.4ms)
  Rendered settings/_projects.html.erb (13.9ms)
  Rendered queries/_columns.html.erb (7.0ms)
  Rendered settings/_issues.html.erb (13.1ms)
  Rendered settings/_notifications.html.erb (0.2ms)
  Rendered settings/_mail_handler.html.erb (2.2ms)
  Rendered settings/_repositories.html.erb (12.8ms)
  Rendered common/_tabs.html.erb (79.9ms)
  Rendered settings/edit.html.erb within layouts/admin (80.5ms)
  Rendered admin/_menu.html.erb (6.2ms)
  Rendered layouts/base.html.erb (18.4ms)
Completed 200 OK in 111.3ms (Views: 99.0ms | ActiveRecord: 8.6ms)
Started GET "/" for 127.0.0.1 at 2013-12-30 16:51:42 +0600
Processing by WelcomeController#index as HTML
  Current user: admin (id=1)
  Rendered welcome/index.html.erb within layouts/base (3.9ms)
Completed 200 OK in 34.8ms (Views: 18.5ms | ActiveRecord: 5.9ms)
Started POST "/settings/edit?tab=display" for 127.0.0.1 at 2013-12-30 16:51:49 +0600
Processing by SettingsController#edit as HTML
  Parameters: {"utf8"=>"✓", "authenticity_token"=>"LsNwlw9HK2aWVA/xxt3Cwxe40dfoVVS6537za+qfFao=", "settings"=>{"ui_theme"=>"coffee", "default_language"=>"en", "start_of_week"=>"", "date_format"=>"", "time_format"=>"", "user_format"=>"firstname", "gravatar_enabled"=>"0", "gravatar_default"=>"", "thumbnails_enabled"=>"0", "thumbnails_size"=>"100"}, "commit"=>"Save", "tab"=>"display"}
  Current user: admin (id=1)
Redirected to http://localhost:9000/settings?tab=display
Completed 302 Found in 45.9ms (ActiveRecord: 17.6ms)
Started GET "/settings?tab=display" for 127.0.0.1 at 2013-12-30 16:51:49 +0600
Processing by SettingsController#index as HTML
  Parameters: {"tab"=>"display"}
Settings cache cleared.
  Current user: admin (id=1)
  Rendered settings/_general.html.erb (23.6ms)
  Rendered settings/_display.html.erb (17.3ms)
  Rendered settings/_authentication.html.erb (18.4ms)
  Rendered settings/_projects.html.erb (21.9ms)
  Rendered queries/_columns.html.erb (5.4ms)
  Rendered settings/_issues.html.erb (102.7ms)
  Rendered settings/_notifications.html.erb (0.1ms)
  Rendered settings/_mail_handler.html.erb (8.5ms)
  Rendered settings/_repositories.html.erb (27.3ms)
  Rendered common/_tabs.html.erb (226.9ms)
  Rendered settings/edit.html.erb within layouts/admin (227.8ms)
  Rendered admin/_menu.html.erb (6.1ms)
  Rendered layouts/base.html.erb (17.3ms)
Completed 200 OK in 263.8ms (Views: 224.6ms | ActiveRecord: 29.7ms)
Started GET "/" for 127.0.0.1 at 2013-12-30 16:51:52 +0600
Processing by WelcomeController#index as HTML
  Current user: admin (id=1)
  Rendered welcome/index.html.erb within layouts/base (3.8ms)
Completed 200 OK in 33.0ms (Views: 19.3ms | ActiveRecord: 5.6ms)
